<?xml version="1.0" encoding="UTF-8"?>
<!-- Generated by org.testng.reporters.JUnitReportReporter -->
<testsuite hostname="DESKTOP-V0PL2RJ" failures="0" tests="2" name="TesttNG.Test2" time="0.019" errors="0" timestamp="2025-06-15T13:47:37 IST" skipped="0">
  <testcase classname="TesttNG.Test2" name="Search" time="0.011"/>
  <testcase classname="TesttNG.Test2" name="AdvSearch" time="0.008"/>
</testsuite> <!-- TesttNG.Test2 -->
