<?xml version="1.0" encoding="UTF-8"?>
<!-- Generated by org.testng.reporters.JUnitReportReporter -->
<testsuite hostname="DESKTOP-V0PL2RJ" failures="0" tests="2" name="Prepa.Testng" time="0.029" errors="0" timestamp="2025-06-20T11:33:03 IST" skipped="0">
  <testcase classname="Prepa.Testng" name="test2" time="0.009"/>
  <testcase classname="Prepa.Testng" name="test1" time="0.020"/>
</testsuite> <!-- Prepa.Testng -->
