<?xml version="1.0" encoding="UTF-8"?>
<!-- Generated by org.testng.reporters.JUnitReportReporter -->
<testsuite hostname="DESKTOP-V0PL2RJ" failures="0" tests="2" name="testNG.Class" time="0.018" errors="0" timestamp="2025-06-09T22:00:59 IST" skipped="0">
  <testcase classname="testNG.Class" name="search" time="0.014"/>
  <testcase classname="testNG.Class" name="advsearch" time="0.004"/>
</testsuite> <!-- testNG.Class -->
