<?xml version="1.0" encoding="UTF-8"?>
<!-- Generated by org.testng.reporters.JUnitReportReporter -->
<testsuite hostname="DESKTOP-V0PL2RJ" failures="0" tests="2" name="Newww.Class2" time="0.006" errors="0" timestamp="2025-06-10T10:22:46 IST" skipped="0">
  <testcase classname="Newww.Class2" name="m2" time="0.003"/>
  <testcase classname="Newww.Class2" name="m2" time="0.003"/>
</testsuite> <!-- Newww.Class2 -->
