<?xml version="1.0" encoding="UTF-8"?>
<!-- Generated by org.testng.reporters.JUnitReportReporter -->
<testsuite hostname="DESKTOP-V0PL2RJ" failures="0" tests="2" name="testNG.Tst2" time="0.020" errors="0" timestamp="2025-06-09T21:47:41 IST" skipped="0">
  <testcase classname="testNG.Tst2" name="search" time="0.008"/>
  <testcase classname="testNG.Tst2" name="advsearch" time="0.012"/>
</testsuite> <!-- testNG.Tst2 -->
