<?xml version="1.0" encoding="UTF-8"?>
<!-- Generated by org.testng.reporters.JUnitReportReporter -->
<testsuite hostname="DESKTOP-V0PL2RJ" failures="0" tests="2" name="Newww.PaymentGrouping" time="0.010" errors="0" timestamp="2025-06-15T19:31:38 IST" skipped="0">
  <testcase classname="Newww.PaymentGrouping" name="PaymentinRupees" time="0.005"/>
  <testcase classname="Newww.PaymentGrouping" name="PaymentinDollars" time="0.005"/>
</testsuite> <!-- Newww.PaymentGrouping -->
