<?xml version="1.0" encoding="UTF-8"?>
<!-- Generated by org.testng.reporters.JUnitReportReporter -->
<testsuite hostname="DESKTOP-V0PL2RJ" failures="0" tests="4" name="REVISE.TestNG_Revise.Testgn" time="0.017" errors="0" timestamp="2025-06-15T12:28:52 IST" skipped="0">
  <testcase classname="REVISE.TestNG_Revise.Testgn" name="Login" time="0.010"/>
  <testcase classname="REVISE.TestNG_Revise.Testgn" name="Search" time="0.002"/>
  <testcase classname="REVISE.TestNG_Revise.Testgn" name="Advsearch" time="0.002"/>
  <testcase classname="REVISE.TestNG_Revise.Testgn" name="Logout" time="0.003"/>
</testsuite> <!-- REVISE.TestNG_Revise.Testgn -->
