<?xml version="1.0" encoding="UTF-8"?>
<!-- Generated by org.testng.reporters.JUnitReportReporter -->
<testsuite hostname="DESKTOP-V0PL2RJ" failures="0" tests="1" name="TesttNG.Test4" time="0.005" errors="0" timestamp="2025-06-15T14:24:41 IST" skipped="0">
  <testcase classname="TesttNG.Test4" name="m2" time="0.005"/>
</testsuite> <!-- TesttNG.Test4 -->
