<?xml version="1.0" encoding="UTF-8"?>
<!-- Generated by org.testng.reporters.JUnitReportReporter -->
<testsuite hostname="DESKTOP-V0PL2RJ" failures="0" tests="1" name="TesttNG.Test5" time="0.004" errors="0" timestamp="2025-06-15T14:24:41 IST" skipped="0">
  <testcase classname="TesttNG.Test5" name="m5" time="0.004"/>
</testsuite> <!-- TesttNG.Test5 -->
