<?xml version="1.0" encoding="UTF-8"?>
<!-- Generated by org.testng.reporters.JUnitReportReporter -->
<testsuite hostname="DESKTOP-V0PL2RJ" failures="0" tests="2" name="testNGprep.Annotations1" time="0.028" errors="0" timestamp="2025-06-23T13:54:02 IST" skipped="0">
  <testcase classname="testNGprep.Annotations1" name="search" time="0.023"/>
  <testcase classname="testNGprep.Annotations1" name="Advsearch" time="0.005"/>
</testsuite> <!-- testNGprep.Annotations1 -->
