<?xml version="1.0" encoding="UTF-8"?>
<!-- Generated by org.testng.reporters.JUnitReportReporter -->
<testsuite hostname="DESKTOP-V0PL2RJ" failures="0" tests="3" name="Newww.GroupingSmoke" time="0.024" errors="0" timestamp="2025-06-15T19:35:10 IST" skipped="0">
  <testcase classname="Newww.GroupingSmoke" name="Loginbygmail" time="0.020"/>
  <testcase classname="Newww.GroupingSmoke" name="Loginbyfacebook" time="0.002"/>
  <testcase classname="Newww.GroupingSmoke" name="LoginbySkype" time="0.002"/>
</testsuite> <!-- Newww.GroupingSmoke -->
