<?xml version="1.0" encoding="UTF-8"?>
<!-- Generated by org.testng.reporters.JUnitReportReporter -->
<testsuite hostname="DESKTOP-V0PL2RJ" failures="0" tests="4" name="testNG.Tst11" time="0.016" errors="0" timestamp="2025-06-09T21:06:21 IST" skipped="0">
  <testcase classname="testNG.Tst11" name="advsearch" time="0.011"/>
  <testcase classname="testNG.Tst11" name="login" time="0.002"/>
  <testcase classname="testNG.Tst11" name="logout" time="0.001"/>
  <testcase classname="testNG.Tst11" name="search" time="0.002"/>
</testsuite> <!-- testNG.Tst11 -->
