<?xml version="1.0" encoding="UTF-8"?>
<!-- Generated by org.testng.reporters.JUnitReportReporter -->
<testsuite hostname="DESKTOP-V0PL2RJ" failures="0" tests="4" name="testNGprep.test1" time="0.035" errors="0" timestamp="2025-06-23T13:42:40 IST" skipped="0">
  <testcase classname="testNGprep.test1" name="login" time="0.023"/>
  <testcase classname="testNGprep.test1" name="search" time="0.003"/>
  <testcase classname="testNGprep.test1" name="Advsearch" time="0.006"/>
  <testcase classname="testNGprep.test1" name="logout" time="0.003"/>
</testsuite> <!-- testNGprep.test1 -->
