<?xml version="1.0" encoding="UTF-8"?>
<!-- Generated by org.testng.reporters.JUnitReportReporter -->
<testsuite hostname="DESKTOP-V0PL2RJ" failures="0" tests="2" name="TesttNG.Test1" time="0.038" errors="0" timestamp="2025-06-15T13:34:38 IST" skipped="0">
  <testcase classname="TesttNG.Test1" name="Search" time="0.021"/>
  <testcase classname="TesttNG.Test1" name="AdvSearch" time="0.017"/>
</testsuite> <!-- TesttNG.Test1 -->
